time="2024-11-27T21:39:14+05:00" level=info msg="[200] GET /dashboard/settings/logs | 9.922042ms"
time="2024-11-27T21:39:14+05:00" level=info msg="[200] GET /tools/api/logs | 257.042µs"
time="2024-11-27T21:39:14+05:00" level=info msg="[200] GET /tools/api/logs/stats | 175µs"
time="2024-11-27T21:39:17+05:00" level=info msg="[200] GET /dashboard/settings/logs | 5.382625ms"
time="2024-11-27T21:39:17+05:00" level=info msg="[200] GET /tools/api/logs | 263.416µs"
time="2024-11-27T21:39:17+05:00" level=info msg="[200] GET /tools/api/logs/stats | 197.5µs"
time="2024-11-27T21:39:18+05:00" level=info msg="[200] GET /dashboard/settings/logs | 5.8755ms"
time="2024-11-27T21:39:18+05:00" level=info msg="[200] GET /tools/api/logs | 311.208µs"
time="2024-11-27T21:39:18+05:00" level=info msg="[200] GET /tools/api/logs/stats | 266.792µs"
time="2024-11-27T21:39:19+05:00" level=info msg="[200] GET /dashboard/settings/logs | 3.993833ms"
time="2024-11-27T21:39:19+05:00" level=info msg="[200] GET /tools/api/logs | 576.667µs"
time="2024-11-27T21:39:19+05:00" level=info msg="[200] GET /tools/api/logs/stats | 312.208µs"
time="2024-11-27T21:39:54+05:00" level=info msg="[200] GET /dashboard/settings/logs | 13.979458ms"
time="2024-11-27T21:39:54+05:00" level=info msg="[200] GET /tools/api/logs/stats | 240.792µs"
time="2024-11-27T21:39:54+05:00" level=info msg="[200] GET /tools/api/logs | 290.416µs"
time="2024-11-27T21:40:10+05:00" level=info msg="Режим сервера: Разработка (Debug)"
time="2024-11-27T21:40:11+05:00" level=info msg="[200] GET /dashboard/settings/logs | 6.146667ms"
time="2024-11-27T21:40:11+05:00" level=info msg="[200] GET /tools/api/logs | 413.041µs"
time="2024-11-27T21:40:11+05:00" level=info msg="[200] GET /tools/api/logs/stats | 624.166µs"
time="2024-11-27T21:41:03+05:00" level=info msg="[200] GET /dashboard/settings/logs | 21.620042ms"
time="2024-11-27T21:41:03+05:00" level=info msg="[200] GET /tools/api/logs | 314.75µs"
time="2024-11-27T21:41:03+05:00" level=info msg="[200] GET /tools/api/logs/stats | 272.125µs"
time="2024-11-27T21:41:04+05:00" level=info msg="[200] GET /dashboard/settings/logs | 4.311959ms"
time="2024-11-27T21:41:04+05:00" level=info msg="[200] GET /tools/api/logs | 736.959µs"
time="2024-11-27T21:41:04+05:00" level=info msg="[200] GET /tools/api/logs/stats | 1.81175ms"
time="2024-11-27T21:41:51+05:00" level=info msg="[200] GET /dashboard/settings/logs | 11.042ms"
time="2024-11-27T21:41:51+05:00" level=info msg="[200] GET /tools/api/logs/stats | 245.25µs"
time="2024-11-27T21:41:51+05:00" level=info msg="[200] GET /tools/api/logs | 214.25µs"
time="2024-11-27T21:41:58+05:00" level=info msg="[200] GET /tools/api/logs | 1.105125ms"
time="2024-11-27T21:42:04+05:00" level=info msg="[200] GET /tools/api/logs | 661.292µs"
time="2024-11-27T21:42:05+05:00" level=info msg="[200] GET /tools/api/logs | 587.75µs"
time="2024-11-27T21:42:05+05:00" level=info msg="[200] GET /tools/api/logs | 604.667µs"
time="2024-11-27T21:42:05+05:00" level=info msg="[200] GET /tools/api/logs | 574.875µs"
time="2024-11-27T21:42:06+05:00" level=info msg="[200] GET /tools/api/logs | 610.833µs"
time="2024-11-27T21:42:06+05:00" level=info msg="[200] GET /tools/api/logs | 639µs"
time="2024-11-27T21:42:06+05:00" level=info msg="[200] GET /tools/api/logs | 615.708µs"
time="2024-11-27T21:42:06+05:00" level=info msg="[200] GET /tools/api/logs | 651.125µs"
time="2024-11-27T21:42:07+05:00" level=info msg="[200] GET /tools/api/logs | 1.132375ms"
time="2024-11-27T21:42:07+05:00" level=info msg="[200] GET /tools/api/logs | 546.292µs"
time="2024-11-27T21:42:07+05:00" level=info msg="[200] GET /tools/api/logs | 513.5µs"
time="2024-11-27T21:42:28+05:00" level=info msg="[200] POST /cloud/api/sys/count | 13.412208ms"
time="2024-11-27T21:42:28+05:00" level=info msg="[200] POST /pc/api/count | 12.17425ms"
time="2024-11-27T21:42:28+05:00" level=info msg="[200] POST /room/api/count | 16.074291ms"
time="2024-11-27T21:42:29+05:00" level=info msg="[200] POST /setting/api/sys/status | 1.018654667s"
time="2024-11-27T21:43:17+05:00" level=info msg="[200] GET /dashboard/settings | 14.952834ms"
time="2024-11-27T21:43:17+05:00" level=info msg="[304] GET /static/js/secSetting.js | 236.5µs"
time="2024-11-27T21:43:17+05:00" level=info msg="[304] GET /static/js/settings.js | 403.792µs"
time="2024-11-27T21:43:17+05:00" level=info msg="[200] GET /setting/api/info | 5.56325ms"
time="2024-11-27T21:43:17+05:00" level=info msg="[200] POST /setting/api/tg | 410.791µs"
time="2024-11-27T21:43:17+05:00" level=info msg="[200] POST /setting/api/sec/settings | 864.542µs"
time="2024-11-27T21:45:37+05:00" level=info msg="[200] GET /dashboard | 12.007958ms"
time="2024-11-27T21:45:37+05:00" level=info msg="[200] GET /setting/api/info | 983.042µs"
time="2024-11-27T21:45:37+05:00" level=info msg="[200] POST /pc/api/count | 7.832458ms"
time="2024-11-27T21:45:37+05:00" level=info msg="[200] POST /room/api/count | 11.867417ms"
time="2024-11-27T21:45:37+05:00" level=info msg="[200] POST /cloud/api/sys/count | 16.203125ms"
time="2024-11-27T21:45:38+05:00" level=info msg="[200] POST /setting/api/sys/status | 1.009046s"
time="2024-11-27T21:47:22+05:00" level=info msg="[200] GET /dashboard | 11.659958ms"
time="2024-11-27T21:47:23+05:00" level=info msg="[200] GET /setting/api/info | 12.605917ms"
time="2024-11-27T21:47:23+05:00" level=info msg="[200] POST /cloud/api/sys/count | 19.104584ms"
time="2024-11-27T21:47:23+05:00" level=info msg="[200] POST /pc/api/count | 19.677291ms"
time="2024-11-27T21:47:23+05:00" level=info msg="[200] POST /room/api/count | 32.96375ms"
time="2024-11-27T21:47:23+05:00" level=info msg="[200] GET /dashboard/settings | 7.670208ms"
time="2024-11-27T21:47:23+05:00" level=info msg="[200] GET /setting/api/info | 908.917µs"
time="2024-11-27T21:47:23+05:00" level=info msg="[200] POST /setting/api/sec/settings | 3.328084ms"
time="2024-11-27T21:47:23+05:00" level=info msg="[200] POST /setting/api/tg | 2.614333ms"
time="2024-11-27T21:47:24+05:00" level=info msg="[200] GET /dashboard/settings | 3.924833ms"
time="2024-11-27T21:47:24+05:00" level=info msg="[200] POST /setting/api/sys/status | 1.00818225s"
time="2024-11-27T21:47:24+05:00" level=info msg="[200] GET /setting/api/info | 197.25µs"
time="2024-11-27T21:47:24+05:00" level=info msg="[200] POST /setting/api/tg | 363.792µs"
time="2024-11-27T21:47:24+05:00" level=info msg="[200] POST /setting/api/sec/settings | 111.292µs"
time="2024-11-27T21:47:36+05:00" level=info msg="[200] GET /dashboard/settings | 12.008708ms"
time="2024-11-27T21:47:36+05:00" level=info msg="[200] GET /setting/api/info | 1.332875ms"
time="2024-11-27T21:47:36+05:00" level=info msg="[200] POST /setting/api/sec/settings | 805.75µs"
time="2024-11-27T21:47:36+05:00" level=info msg="[200] POST /setting/api/tg | 1.2775ms"
time="2024-11-27T21:49:51+05:00" level=info msg="[200] GET /dashboard/settings | 9.134375ms"
time="2024-11-27T21:49:51+05:00" level=info msg="[200] POST /setting/api/sec/settings | 3.541208ms"
time="2024-11-27T21:49:51+05:00" level=info msg="[200] POST /setting/api/tg | 3.973333ms"
time="2024-11-27T21:50:17+05:00" level=info msg="[200] GET /dashboard/settings | 7.287333ms"
time="2024-11-27T21:50:17+05:00" level=info msg="[200] POST /setting/api/tg | 1.421709ms"
time="2024-11-27T21:50:17+05:00" level=info msg="[200] POST /setting/api/sec/settings | 710.416µs"
time="2024-11-27T21:50:39+05:00" level=info msg="[200] GET /dashboard/settings | 17.526166ms"
time="2024-11-27T21:50:39+05:00" level=info msg="[200] POST /setting/api/tg | 1.593542ms"
time="2024-11-27T21:50:39+05:00" level=info msg="[200] POST /setting/api/sec/settings | 2.186667ms"
time="2024-11-27T21:51:42+05:00" level=info msg="[200] GET /dashboard/settings | 12.514959ms"
time="2024-11-27T21:51:42+05:00" level=info msg="[200] POST /setting/api/tg | 539.917µs"
time="2024-11-27T21:51:42+05:00" level=info msg="[200] POST /setting/api/sec/settings | 472.792µs"
time="2024-11-27T21:52:24+05:00" level=info msg="[200] GET /dashboard/settings | 8.885375ms"
time="2024-11-27T21:52:24+05:00" level=info msg="[200] POST /setting/api/tg | 922.417µs"
time="2024-11-27T21:52:24+05:00" level=info msg="[200] POST /setting/api/sec/settings | 3.282958ms"
time="2024-11-27T21:52:39+05:00" level=info msg="[200] GET /dashboard | 10.43025ms"
time="2024-11-27T21:52:39+05:00" level=info msg="[200] POST /cloud/api/sys/count | 10.187666ms"
time="2024-11-27T21:52:39+05:00" level=info msg="[200] POST /room/api/count | 9.628625ms"
time="2024-11-27T21:52:39+05:00" level=info msg="[200] POST /pc/api/count | 15.763792ms"
time="2024-11-27T21:52:40+05:00" level=info msg="[200] POST /setting/api/sys/status | 1.010097167s"
time="2024-11-27T21:53:47+05:00" level=info msg="[200] GET /dashboard | 8.4555ms"
time="2024-11-27T21:53:47+05:00" level=info msg="[200] GET /setting/api/info | 1.62975ms"
time="2024-11-27T21:53:47+05:00" level=info msg="[200] POST /room/api/count | 15.148666ms"
time="2024-11-27T21:53:47+05:00" level=info msg="[200] POST /pc/api/count | 16.734792ms"
time="2024-11-27T21:53:47+05:00" level=info msg="[200] POST /cloud/api/sys/count | 26.295334ms"
time="2024-11-27T21:53:48+05:00" level=info msg="[200] POST /setting/api/sys/status | 1.007099041s"
time="2024-11-28T18:28:59+05:00" level=info msg="Режим сервера: Разработка (Debug)"
time="2024-11-28T18:29:03+05:00" level=info msg="[200] GET / | 5.153375ms"
time="2024-11-28T18:29:03+05:00" level=info msg="[200] GET /static/Zentas.png | 3.313542ms"
time="2024-11-28T18:29:04+05:00" level=info msg="[302] GET /apple-touch-icon-precomposed.png | 66.708µs"
time="2024-11-28T18:29:04+05:00" level=info msg="[404] GET /404 | 5.318667ms"
time="2024-11-28T18:29:04+05:00" level=info msg="[302] GET /apple-touch-icon.png | 7.791µs"
time="2024-11-28T18:29:04+05:00" level=info msg="[404] GET /404 | 822.083µs"
time="2024-11-28T18:29:23+05:00" level=info msg="[200] GET / | 6.694291ms"
time="2024-11-28T18:29:24+05:00" level=info msg="[302] GET /favicon.ico | 141.875µs"
time="2024-11-28T18:29:24+05:00" level=info msg="[404] GET /404 | 4.578084ms"
time="2024-11-28T18:29:28+05:00" level=info msg="[200] POST /auth/api/login | 1.938584ms"
time="2024-11-28T18:29:28+05:00" level=info msg="[200] GET /dashboard | 6.071583ms"
time="2024-11-28T18:29:28+05:00" level=info msg="[200] GET /setting/api/info | 583.125µs"
time="2024-11-28T18:29:28+05:00" level=info msg="[200] POST /pc/api/count | 9.541625ms"
time="2024-11-28T18:29:28+05:00" level=info msg="[200] POST /cloud/api/sys/count | 10.286083ms"
time="2024-11-28T18:29:28+05:00" level=info msg="[200] POST /room/api/count | 10.859292ms"
time="2024-11-28T18:29:29+05:00" level=info msg="[200] POST /setting/api/sys/status | 1.029955625s"
time="2024-11-28T18:29:33+05:00" level=info msg="[200] GET /dashboard/settings | 5.45225ms"
time="2024-11-28T18:29:33+05:00" level=info msg="[200] GET /setting/api/info | 356.083µs"
time="2024-11-28T18:29:33+05:00" level=info msg="[200] POST /setting/api/tg | 844.542µs"
time="2024-11-28T18:29:33+05:00" level=info msg="[200] POST /setting/api/sec/settings | 1.195167ms"
time="2024-11-28T18:29:55+05:00" level=info msg="[200] GET /dashboard/settings | 5.13475ms"
time="2024-11-28T18:29:56+05:00" level=info msg="[200] GET /setting/api/info | 834.875µs"
time="2024-11-28T18:29:56+05:00" level=info msg="[200] POST /setting/api/tg | 831.375µs"
time="2024-11-28T18:29:56+05:00" level=info msg="[200] POST /setting/api/sec/settings | 882.542µs"
time="2024-11-28T18:33:54+05:00" level=info msg="[200] GET /dashboard/settings | 6.704167ms"
time="2024-11-28T18:33:54+05:00" level=info msg="[200] GET /setting/api/info | 1.658542ms"
time="2024-11-28T18:33:54+05:00" level=info msg="[200] POST /setting/api/sec/settings | 427.375µs"
time="2024-11-28T18:33:54+05:00" level=info msg="[200] POST /setting/api/tg | 578.958µs"
time="2024-11-28T18:35:02+05:00" level=info msg="[200] GET /dashboard/settings | 4.161084ms"
time="2024-11-28T18:35:02+05:00" level=info msg="[200] GET /setting/api/info | 428.625µs"
time="2024-11-28T18:35:03+05:00" level=info msg="[200] POST /setting/api/sec/settings | 630.75µs"
time="2024-11-28T18:35:03+05:00" level=info msg="[200] POST /setting/api/tg | 245.584µs"
time="2024-11-28T18:36:15+05:00" level=info msg="[200] GET /dashboard | 6.159667ms"
time="2024-11-28T18:36:15+05:00" level=info msg="[200] GET /setting/api/info | 431.5µs"
time="2024-11-28T18:36:15+05:00" level=info msg="[200] POST /cloud/api/sys/count | 8.301709ms"
time="2024-11-28T18:36:15+05:00" level=info msg="[200] POST /pc/api/count | 8.55075ms"
time="2024-11-28T18:36:15+05:00" level=info msg="[200] POST /room/api/count | 13.7395ms"
time="2024-11-28T18:36:16+05:00" level=info msg="[200] POST /setting/api/sys/status | 1.006564041s"
time="2024-11-28T18:36:55+05:00" level=info msg="[200] GET /dashboard | 8.696083ms"
time="2024-11-28T18:36:55+05:00" level=info msg="[200] GET /setting/api/info | 394.375µs"
time="2024-11-28T18:36:55+05:00" level=info msg="[200] POST /cloud/api/sys/count | 10.314208ms"
time="2024-11-28T18:36:55+05:00" level=info msg="[200] POST /room/api/count | 10.274209ms"
time="2024-11-28T18:36:55+05:00" level=info msg="[200] POST /pc/api/count | 20.131958ms"
time="2024-11-28T18:36:56+05:00" level=info msg="[200] POST /setting/api/sys/status | 1.006754917s"
time="2024-11-28T18:36:59+05:00" level=info msg="[200] GET /dashboard/settings | 5.843583ms"
time="2024-11-28T18:36:59+05:00" level=info msg="[200] GET /setting/api/info | 445.208µs"
time="2024-11-28T18:36:59+05:00" level=info msg="[200] POST /setting/api/sec/settings | 6.53075ms"
time="2024-11-28T18:36:59+05:00" level=info msg="[200] POST /setting/api/tg | 6.56875ms"
time="2024-11-28T18:39:19+05:00" level=info msg="[200] GET /dashboard | 11.332666ms"
time="2024-11-28T18:39:19+05:00" level=info msg="[200] GET /setting/api/info | 787.208µs"
time="2024-11-28T18:39:19+05:00" level=info msg="[200] POST /cloud/api/sys/count | 8.025125ms"
time="2024-11-28T18:39:19+05:00" level=info msg="[200] POST /room/api/count | 9.947167ms"
time="2024-11-28T18:39:19+05:00" level=info msg="[200] POST /pc/api/count | 13.121709ms"
time="2024-11-28T18:39:20+05:00" level=info msg="[200] POST /setting/api/sys/status | 1.013349584s"
time="2024-11-28T18:39:26+05:00" level=info msg="[200] GET /dashboard/data | 6.766208ms"
time="2024-11-28T18:39:26+05:00" level=info msg="[200] GET /setting/api/info | 558.959µs"
time="2024-11-28T18:39:26+05:00" level=info msg="[200] POST /room/api/room | 5.799083ms"
time="2024-11-28T18:42:34+05:00" level=info msg="[200] GET /dashboard/data | 11.411708ms"
time="2024-11-28T18:42:34+05:00" level=info msg="[200] GET /setting/api/info | 614.416µs"
time="2024-11-28T18:42:34+05:00" level=info msg="[200] POST /room/api/room | 2.467583ms"
time="2024-11-28T18:44:07+05:00" level=info msg="[200] GET /dashboard/data | 7.080375ms"
time="2024-11-28T18:44:07+05:00" level=info msg="[200] GET /setting/api/info | 429.375µs"
time="2024-11-28T18:44:07+05:00" level=info msg="[200] POST /room/api/room | 5.05475ms"
time="2024-11-28T18:44:08+05:00" level=info msg="[200] GET /dashboard/data | 2.2375ms"
time="2024-11-28T18:44:09+05:00" level=info msg="[200] GET /setting/api/info | 208.041µs"
time="2024-11-28T18:44:09+05:00" level=info msg="[200] POST /room/api/room | 12.977958ms"
time="2024-11-28T18:46:27+05:00" level=info msg="[200] GET /dashboard/data | 4.989375ms"
time="2024-11-28T18:46:27+05:00" level=info msg="[200] GET /setting/api/info | 395.959µs"
time="2024-11-28T18:46:27+05:00" level=info msg="[200] POST /room/api/room | 3.673833ms"
time="2024-11-28T18:46:37+05:00" level=info msg="[200] GET /dashboard | 6.742542ms"
time="2024-11-28T18:46:37+05:00" level=info msg="[200] GET /setting/api/info | 407.709µs"
time="2024-11-28T18:46:37+05:00" level=info msg="[200] POST /cloud/api/sys/count | 7.558958ms"
time="2024-11-28T18:46:37+05:00" level=info msg="[200] POST /pc/api/count | 8.187875ms"
time="2024-11-28T18:46:37+05:00" level=info msg="[200] POST /room/api/count | 10.496708ms"
time="2024-11-28T18:46:38+05:00" level=info msg="[200] POST /setting/api/sys/status | 1.00735025s"
time="2024-11-28T18:46:38+05:00" level=info msg="[200] POST /room/api/room | 4.145542ms"
time="2024-11-28T18:46:40+05:00" level=info msg="[200] POST /room/api/room | 8.562666ms"
time="2024-11-28T18:46:42+05:00" level=info msg="[200] POST /room/api/room | 3.330334ms"
time="2024-11-28T18:47:52+05:00" level=info msg="[200] GET /dashboard | 10.927875ms"
time="2024-11-28T18:47:52+05:00" level=info msg="[200] GET /setting/api/info | 974.917µs"
time="2024-11-28T18:47:52+05:00" level=info msg="[200] POST /room/api/count | 7.739333ms"
time="2024-11-28T18:47:52+05:00" level=info msg="[200] POST /pc/api/count | 7.781416ms"
time="2024-11-28T18:47:52+05:00" level=info msg="[200] POST /cloud/api/sys/count | 10.180084ms"
time="2024-11-28T18:47:53+05:00" level=info msg="[200] GET /dashboard | 8.685833ms"
time="2024-11-28T18:47:53+05:00" level=info msg="[200] GET /setting/api/info | 333.375µs"
time="2024-11-28T18:47:53+05:00" level=info msg="[200] POST /cloud/api/sys/count | 8.04075ms"
time="2024-11-28T18:47:53+05:00" level=info msg="[200] POST /room/api/count | 7.968583ms"
time="2024-11-28T18:47:53+05:00" level=info msg="[200] POST /pc/api/count | 15.656125ms"
time="2024-11-28T18:47:53+05:00" level=info msg="[200] POST /setting/api/sys/status | 1.009088792s"
time="2024-11-28T18:47:54+05:00" level=info msg="[200] GET /dashboard | 3.468ms"
time="2024-11-28T18:47:54+05:00" level=info msg="[200] GET /setting/api/info | 477.875µs"
time="2024-11-28T18:47:54+05:00" level=info msg="[200] POST /setting/api/sys/status | 1.007947375s"
time="2024-11-28T18:47:54+05:00" level=info msg="[200] POST /room/api/count | 5.05375ms"
time="2024-11-28T18:47:54+05:00" level=info msg="[200] POST /cloud/api/sys/count | 5.754333ms"
time="2024-11-28T18:47:54+05:00" level=info msg="[200] POST /pc/api/count | 12.986ms"
time="2024-11-28T18:47:54+05:00" level=info msg="[200] GET /dashboard | 5.355125ms"
time="2024-11-28T18:47:54+05:00" level=info msg="[200] GET /setting/api/info | 343.459µs"
time="2024-11-28T18:47:54+05:00" level=info msg="[200] POST /cloud/api/sys/count | 5.320041ms"
time="2024-11-28T18:47:54+05:00" level=info msg="[200] POST /room/api/count | 5.091333ms"
time="2024-11-28T18:47:54+05:00" level=info msg="[200] POST /pc/api/count | 11.390416ms"
time="2024-11-28T18:47:55+05:00" level=info msg="[200] GET /dashboard | 6.758959ms"
time="2024-11-28T18:47:55+05:00" level=info msg="[200] GET /setting/api/info | 411.125µs"
time="2024-11-28T18:47:55+05:00" level=info msg="[200] POST /cloud/api/sys/count | 7.375041ms"
time="2024-11-28T18:47:55+05:00" level=info msg="[200] POST /room/api/count | 7.399875ms"
time="2024-11-28T18:47:55+05:00" level=info msg="[200] POST /pc/api/count | 14.207208ms"
time="2024-11-28T18:47:55+05:00" level=info msg="[200] POST /setting/api/sys/status | 1.012643042s"
time="2024-11-28T18:47:55+05:00" level=info msg="[200] GET /dashboard | 6.11775ms"
time="2024-11-28T18:47:55+05:00" level=info msg="[200] GET /setting/api/info | 380.792µs"
time="2024-11-28T18:47:55+05:00" level=info msg="[200] POST /cloud/api/sys/count | 9.54675ms"
time="2024-11-28T18:47:55+05:00" level=info msg="[200] POST /pc/api/count | 10.189375ms"
time="2024-11-28T18:47:55+05:00" level=info msg="[200] POST /room/api/count | 14.912708ms"
time="2024-11-28T18:47:55+05:00" level=info msg="[200] GET /dashboard | 3.882708ms"
time="2024-11-28T18:47:55+05:00" level=info msg="[200] GET /setting/api/info | 510.916µs"
time="2024-11-28T18:47:55+05:00" level=info msg="[200] POST /pc/api/count | 6.943875ms"
time="2024-11-28T18:47:55+05:00" level=info msg="[200] POST /cloud/api/sys/count | 6.902833ms"
time="2024-11-28T18:47:55+05:00" level=info msg="[200] POST /room/api/count | 19.19625ms"
time="2024-11-28T18:47:55+05:00" level=info msg="[200] POST /setting/api/sys/status | 1.0098s"
time="2024-11-28T18:47:56+05:00" level=info msg="[200] POST /setting/api/sys/status | 1.015733875s"
time="2024-11-28T18:47:56+05:00" level=info msg="[200] POST /setting/api/sys/status | 1.01546575s"
time="2024-11-28T18:47:56+05:00" level=info msg="[200] POST /setting/api/sys/status | 1.01600725s"
time="2024-11-28T18:48:20+05:00" level=info msg="[200] POST /room/api/room | 4.816041ms"
time="2024-11-28T18:48:25+05:00" level=info msg="[200] GET /dashboard/data | 8.6795ms"
time="2024-11-28T18:48:25+05:00" level=info msg="[200] GET /setting/api/info | 646.834µs"
time="2024-11-28T18:48:25+05:00" level=info msg="[200] POST /room/api/room | 2.247125ms"
time="2024-11-28T18:48:26+05:00" level=info msg="[200] GET /dashboard/cloud | 4.686ms"
time="2024-11-28T18:48:26+05:00" level=info msg="[200] GET /setting/api/info | 173.916µs"
time="2024-11-28T18:48:30+05:00" level=info msg="[200] GET /dashboard/settings | 7.194208ms"
time="2024-11-28T18:48:30+05:00" level=info msg="[200] GET /setting/api/info | 412.375µs"
time="2024-11-28T18:48:30+05:00" level=info msg="[200] POST /setting/api/tg | 720.458µs"
time="2024-11-28T18:48:30+05:00" level=info msg="[200] POST /setting/api/sec/settings | 712.125µs"
time="2024-11-28T18:48:32+05:00" level=info msg="[200] GET /dashboard/cloud | 3.647041ms"
time="2024-11-28T18:48:32+05:00" level=info msg="[200] GET /setting/api/info | 347.167µs"
time="2024-11-28T18:48:34+05:00" level=info msg="[200] GET /dashboard | 7.0345ms"
time="2024-11-28T18:48:34+05:00" level=info msg="[200] GET /setting/api/info | 347.583µs"
time="2024-11-28T18:48:34+05:00" level=info msg="[200] POST /room/api/count | 6.565208ms"
time="2024-11-28T18:48:34+05:00" level=info msg="[200] POST /cloud/api/sys/count | 7.376166ms"
time="2024-11-28T18:48:34+05:00" level=info msg="[200] POST /pc/api/count | 14.512333ms"
time="2024-11-28T18:48:35+05:00" level=info msg="[200] POST /setting/api/sys/status | 1.022135625s"
time="2024-11-28T18:53:20+05:00" level=info msg="[200] GET /dashboard | 14.708916ms"
time="2024-11-28T18:53:20+05:00" level=info msg="[200] GET /setting/api/info | 1.0305ms"
time="2024-11-28T18:53:20+05:00" level=info msg="[200] POST /pc/api/count | 6.862625ms"
time="2024-11-28T18:53:20+05:00" level=info msg="[200] POST /cloud/api/sys/count | 6.572875ms"
time="2024-11-28T18:53:20+05:00" level=info msg="[200] POST /room/api/count | 13.371625ms"
time="2024-11-28T18:53:21+05:00" level=info msg="[200] POST /setting/api/sys/status | 1.007590834s"
time="2024-11-28T18:54:11+05:00" level=info msg="[200] GET /dashboard | 9.871083ms"
time="2024-11-28T18:54:11+05:00" level=info msg="[200] GET /setting/api/info | 865.208µs"
time="2024-11-28T18:54:11+05:00" level=info msg="[200] POST /cloud/api/sys/count | 10.165708ms"
time="2024-11-28T18:54:11+05:00" level=info msg="[200] POST /room/api/count | 8.03875ms"
time="2024-11-28T18:54:11+05:00" level=info msg="[200] POST /pc/api/count | 14.227417ms"
time="2024-11-28T18:54:12+05:00" level=info msg="[200] POST /setting/api/sys/status | 1.012054s"
time="2024-11-28T18:54:13+05:00" level=info msg="[200] GET /dashboard | 4.696667ms"
time="2024-11-28T18:54:13+05:00" level=info msg="[200] GET /setting/api/info | 392.791µs"
time="2024-11-28T18:54:13+05:00" level=info msg="[200] POST /cloud/api/sys/count | 6.026625ms"
time="2024-11-28T18:54:13+05:00" level=info msg="[200] POST /room/api/count | 5.313667ms"
time="2024-11-28T18:54:13+05:00" level=info msg="[200] POST /pc/api/count | 7.38925ms"
time="2024-11-28T18:54:13+05:00" level=info msg="[200] GET /dashboard | 4.97275ms"
time="2024-11-28T18:54:13+05:00" level=info msg="[200] GET /setting/api/info | 311.041µs"
time="2024-11-28T18:54:13+05:00" level=info msg="[200] POST /room/api/count | 6.719208ms"
time="2024-11-28T18:54:13+05:00" level=info msg="[200] POST /cloud/api/sys/count | 7.562125ms"
time="2024-11-28T18:54:13+05:00" level=info msg="[200] POST /pc/api/count | 17.014625ms"
time="2024-11-28T18:54:14+05:00" level=info msg="[200] POST /setting/api/sys/status | 1.012731208s"
time="2024-11-28T18:54:14+05:00" level=info msg="[200] GET /dashboard | 7.903ms"
time="2024-11-28T18:54:14+05:00" level=info msg="[200] GET /setting/api/info | 364.292µs"
time="2024-11-28T18:54:14+05:00" level=info msg="[200] POST /cloud/api/sys/count | 7.347666ms"
time="2024-11-28T18:54:14+05:00" level=info msg="[200] POST /room/api/count | 6.644458ms"
time="2024-11-28T18:54:14+05:00" level=info msg="[200] POST /pc/api/count | 12.646792ms"
time="2024-11-28T18:54:14+05:00" level=info msg="[200] GET /dashboard | 3.423334ms"
time="2024-11-28T18:54:14+05:00" level=info msg="[200] GET /setting/api/info | 426.667µs"
time="2024-11-28T18:54:14+05:00" level=info msg="[200] POST /setting/api/sys/status | 1.012333166s"
time="2024-11-28T18:54:14+05:00" level=info msg="[200] POST /cloud/api/sys/count | 10.270792ms"
time="2024-11-28T18:54:14+05:00" level=info msg="[200] POST /pc/api/count | 10.36ms"
time="2024-11-28T18:54:14+05:00" level=info msg="[200] POST /room/api/count | 18.626ms"
time="2024-11-28T18:54:15+05:00" level=info msg="[200] GET /dashboard | 6.659541ms"
time="2024-11-28T18:54:15+05:00" level=info msg="[200] GET /setting/api/info | 502.292µs"
time="2024-11-28T18:54:15+05:00" level=info msg="[200] POST /cloud/api/sys/count | 7.79475ms"
time="2024-11-28T18:54:15+05:00" level=info msg="[200] POST /room/api/count | 8.805125ms"
time="2024-11-28T18:54:15+05:00" level=info msg="[200] POST /pc/api/count | 18.539125ms"
time="2024-11-28T18:54:15+05:00" level=info msg="[200] POST /setting/api/sys/status | 1.0168395s"
time="2024-11-28T18:54:15+05:00" level=info msg="[200] GET /dashboard | 2.969833ms"
time="2024-11-28T18:54:15+05:00" level=info msg="[200] GET /setting/api/info | 349.958µs"
time="2024-11-28T18:54:15+05:00" level=info msg="[200] POST /room/api/count | 6.924833ms"
time="2024-11-28T18:54:15+05:00" level=info msg="[200] POST /cloud/api/sys/count | 6.582375ms"
time="2024-11-28T18:54:15+05:00" level=info msg="[200] POST /pc/api/count | 17.891959ms"
time="2024-11-28T18:54:15+05:00" level=info msg="[200] POST /setting/api/sys/status | 1.014863917s"
time="2024-11-28T18:54:16+05:00" level=info msg="[200] GET /dashboard | 6.045167ms"
time="2024-11-28T18:54:16+05:00" level=info msg="[200] GET /setting/api/info | 368.25µs"
time="2024-11-28T18:54:16+05:00" level=info msg="[200] POST /room/api/count | 9.328583ms"
time="2024-11-28T18:54:16+05:00" level=info msg="[200] POST /cloud/api/sys/count | 10.0545ms"
time="2024-11-28T18:54:16+05:00" level=info msg="[200] POST /pc/api/count | 15.664375ms"
time="2024-11-28T18:54:16+05:00" level=info msg="[200] POST /setting/api/sys/status | 1.013106125s"
time="2024-11-28T18:54:16+05:00" level=info msg="[200] GET /dashboard | 6.962791ms"
time="2024-11-28T18:54:16+05:00" level=info msg="[200] GET /setting/api/info | 405.417µs"
time="2024-11-28T18:54:16+05:00" level=info msg="[200] POST /pc/api/count | 11.65375ms"
time="2024-11-28T18:54:16+05:00" level=info msg="[200] POST /cloud/api/sys/count | 11.198458ms"
time="2024-11-28T18:54:16+05:00" level=info msg="[200] POST /setting/api/sys/status | 1.013397583s"
time="2024-11-28T18:54:16+05:00" level=info msg="[200] POST /room/api/count | 16.890459ms"
time="2024-11-28T18:54:16+05:00" level=info msg="[200] GET /dashboard | 5.91575ms"
time="2024-11-28T18:54:16+05:00" level=info msg="[200] GET /setting/api/info | 438.166µs"
time="2024-11-28T18:54:16+05:00" level=info msg="[200] POST /cloud/api/sys/count | 6.087792ms"
time="2024-11-28T18:54:16+05:00" level=info msg="[200] POST /room/api/count | 5.575417ms"
time="2024-11-28T18:54:16+05:00" level=info msg="[200] POST /pc/api/count | 10.742709ms"
time="2024-11-28T18:54:17+05:00" level=info msg="[200] GET /dashboard | 9.790083ms"
time="2024-11-28T18:54:17+05:00" level=info msg="[200] GET /setting/api/info | 313.958µs"
time="2024-11-28T18:54:17+05:00" level=info msg="[200] POST /cloud/api/sys/count | 10.651542ms"
time="2024-11-28T18:54:17+05:00" level=info msg="[200] POST /pc/api/count | 11.424708ms"
time="2024-11-28T18:54:17+05:00" level=info msg="[200] POST /room/api/count | 8.937583ms"
time="2024-11-28T18:54:17+05:00" level=info msg="[200] POST /setting/api/sys/status | 1.011434834s"
time="2024-11-28T18:54:17+05:00" level=info msg="[200] POST /setting/api/sys/status | 1.018516417s"
time="2024-11-28T18:54:17+05:00" level=info msg="[200] POST /setting/api/sys/status | 1.017744667s"
time="2024-11-28T18:54:18+05:00" level=info msg="[200] POST /setting/api/sys/status | 1.018912542s"
time="2024-11-28T18:54:18+05:00" level=info msg="[200] GET /dashboard | 5.80425ms"
time="2024-11-28T18:54:18+05:00" level=info msg="[200] GET /setting/api/info | 2.314166ms"
time="2024-11-28T18:54:18+05:00" level=info msg="[200] POST /cloud/api/sys/count | 10.767084ms"
time="2024-11-28T18:54:18+05:00" level=info msg="[200] POST /room/api/count | 10.413792ms"
time="2024-11-28T18:54:18+05:00" level=info msg="[200] POST /pc/api/count | 22.466083ms"
time="2024-11-28T18:54:19+05:00" level=info msg="[200] POST /setting/api/sys/status | 1.019060542s"
time="2024-11-28T18:55:46+05:00" level=info msg="[200] GET /dashboard/settings | 7.84975ms"
time="2024-11-28T18:55:46+05:00" level=info msg="[200] GET /setting/api/info | 584.542µs"
time="2024-11-28T18:55:46+05:00" level=info msg="[200] POST /setting/api/tg | 931.375µs"
time="2024-11-28T18:55:46+05:00" level=info msg="[200] POST /setting/api/sec/settings | 535.417µs"
time="2024-11-28T18:56:49+05:00" level=info msg="[200] GET /dashboard/settings | 5.267208ms"
time="2024-11-28T18:56:49+05:00" level=info msg="[200] GET /setting/api/info | 511.666µs"
time="2024-11-28T18:56:49+05:00" level=info msg="[200] POST /setting/api/tg | 513.583µs"
time="2024-11-28T18:56:49+05:00" level=info msg="[200] POST /setting/api/sec/settings | 583.583µs"
time="2024-11-28T18:56:49+05:00" level=info msg="[200] GET /dashboard/settings | 6.252833ms"
time="2024-11-28T18:56:49+05:00" level=info msg="[200] GET /setting/api/info | 398.291µs"
time="2024-11-28T18:56:49+05:00" level=info msg="[200] POST /setting/api/sec/settings | 637.75µs"
time="2024-11-28T18:56:49+05:00" level=info msg="[200] POST /setting/api/tg | 663.208µs"
time="2024-11-28T18:57:06+05:00" level=info msg="[200] GET /dashboard/settings | 6.731958ms"
time="2024-11-28T18:57:07+05:00" level=info msg="[200] GET /setting/api/info | 393.917µs"
time="2024-11-28T18:57:07+05:00" level=info msg="[200] POST /setting/api/sec/settings | 490.25µs"
time="2024-11-28T18:57:07+05:00" level=info msg="[200] POST /setting/api/tg | 492µs"
time="2024-11-28T18:57:10+05:00" level=info msg="[200] GET /dashboard/settings | 8.895333ms"
time="2024-11-28T18:57:10+05:00" level=info msg="[200] GET /setting/api/info | 375.666µs"
time="2024-11-28T18:57:10+05:00" level=info msg="[200] POST /setting/api/tg | 412.125µs"
time="2024-11-28T18:57:10+05:00" level=info msg="[200] POST /setting/api/sec/settings | 554µs"
time="2024-11-28T18:57:11+05:00" level=info msg="[200] GET /dashboard | 4.095208ms"
time="2024-11-28T18:57:11+05:00" level=info msg="[200] GET /setting/api/info | 357.542µs"
time="2024-11-28T18:57:11+05:00" level=info msg="[200] POST /pc/api/count | 4.700125ms"
time="2024-11-28T18:57:11+05:00" level=info msg="[200] POST /room/api/count | 5.964416ms"
time="2024-11-28T18:57:11+05:00" level=info msg="[200] POST /cloud/api/sys/count | 12.560208ms"
time="2024-11-28T18:57:12+05:00" level=info msg="[200] GET /dashboard | 5.299041ms"
time="2024-11-28T18:57:12+05:00" level=info msg="[200] GET /setting/api/info | 440.417µs"
time="2024-11-28T18:57:12+05:00" level=info msg="[200] POST /cloud/api/sys/count | 11.095958ms"
time="2024-11-28T18:57:12+05:00" level=info msg="[200] POST /room/api/count | 11.179333ms"
time="2024-11-28T18:57:12+05:00" level=info msg="[200] POST /pc/api/count | 18.230792ms"
time="2024-11-28T18:57:12+05:00" level=info msg="[200] POST /setting/api/sys/status | 1.018112667s"
time="2024-11-28T18:57:13+05:00" level=info msg="[200] GET /dashboard | 3.64675ms"
time="2024-11-28T18:57:13+05:00" level=info msg="[200] GET /setting/api/info | 496.25µs"
time="2024-11-28T18:57:13+05:00" level=info msg="[200] POST /cloud/api/sys/count | 4.156042ms"
time="2024-11-28T18:57:13+05:00" level=info msg="[200] POST /room/api/count | 3.936334ms"
time="2024-11-28T18:57:13+05:00" level=info msg="[200] POST /pc/api/count | 18.456042ms"
time="2024-11-28T18:57:13+05:00" level=info msg="[200] GET /dashboard | 4.287041ms"
time="2024-11-28T18:57:13+05:00" level=info msg="[200] GET /setting/api/info | 524.375µs"
time="2024-11-28T18:57:13+05:00" level=info msg="[200] POST /setting/api/sys/status | 1.010695792s"
time="2024-11-28T18:57:13+05:00" level=info msg="[200] POST /cloud/api/sys/count | 6.509083ms"
time="2024-11-28T18:57:13+05:00" level=info msg="[200] POST /room/api/count | 6.242291ms"
time="2024-11-28T18:57:13+05:00" level=info msg="[200] POST /pc/api/count | 14.77325ms"
time="2024-11-28T18:57:14+05:00" level=info msg="[200] POST /setting/api/sys/status | 1.018451167s"
time="2024-11-28T18:57:14+05:00" level=info msg="[200] POST /setting/api/sys/status | 1.019149166s"
time="2024-11-28T18:58:05+05:00" level=info msg="[200] GET /dashboard | 2.10625ms"
time="2024-11-28T18:58:05+05:00" level=info msg="[200] GET /setting/api/info | 243.875µs"
time="2024-11-28T18:58:05+05:00" level=info msg="[200] POST /cloud/api/sys/count | 5.35725ms"
time="2024-11-28T18:58:05+05:00" level=info msg="[200] POST /pc/api/count | 5.374583ms"
time="2024-11-28T18:58:05+05:00" level=info msg="[200] POST /room/api/count | 9.412542ms"
time="2024-11-28T18:58:06+05:00" level=info msg="[200] GET /dashboard | 6.467084ms"
time="2024-11-28T18:58:06+05:00" level=info msg="[200] GET /setting/api/info | 324.916µs"
time="2024-11-28T18:58:06+05:00" level=info msg="[200] POST /cloud/api/sys/count | 8.102583ms"
time="2024-11-28T18:58:06+05:00" level=info msg="[200] POST /room/api/count | 7.622125ms"
time="2024-11-28T18:58:06+05:00" level=info msg="[200] POST /pc/api/count | 12.633958ms"
time="2024-11-28T18:58:06+05:00" level=info msg="[200] POST /setting/api/sys/status | 1.008663833s"
time="2024-11-28T18:58:07+05:00" level=info msg="[200] POST /setting/api/sys/status | 1.01235175s"
time="2024-11-28T18:58:07+05:00" level=info msg="[200] GET /dashboard/cloud | 6.849416ms"
time="2024-11-28T18:58:07+05:00" level=info msg="[200] GET /setting/api/info | 384.75µs"
time="2024-11-28T18:58:07+05:00" level=info msg="[200] GET /dashboard/data | 5.14375ms"
time="2024-11-28T18:58:08+05:00" level=info msg="[200] GET /setting/api/info | 401.375µs"
time="2024-11-28T18:58:08+05:00" level=info msg="[200] POST /room/api/room | 2.798083ms"
time="2024-11-28T18:58:08+05:00" level=info msg="[200] GET /dashboard | 5.595958ms"
time="2024-11-28T18:58:08+05:00" level=info msg="[200] GET /setting/api/info | 363.917µs"
time="2024-11-28T18:58:08+05:00" level=info msg="[200] POST /room/api/count | 8.44275ms"
time="2024-11-28T18:58:08+05:00" level=info msg="[200] POST /pc/api/count | 8.9465ms"
time="2024-11-28T18:58:08+05:00" level=info msg="[200] POST /cloud/api/sys/count | 14.765375ms"
time="2024-11-28T18:58:09+05:00" level=info msg="[200] GET /dashboard/settings | 2.128625ms"
time="2024-11-28T18:58:09+05:00" level=info msg="[200] GET /setting/api/info | 158.458µs"
time="2024-11-28T18:58:09+05:00" level=info msg="[200] POST /setting/api/sec/settings | 218.5µs"
time="2024-11-28T18:58:09+05:00" level=info msg="[200] POST /setting/api/tg | 218.5µs"
time="2024-11-28T18:58:09+05:00" level=info msg="[200] POST /setting/api/sys/status | 1.018491958s"
time="2024-11-28T18:58:09+05:00" level=info msg="[200] GET /dashboard/cloud | 4.473417ms"
time="2024-11-28T18:58:09+05:00" level=info msg="[200] GET /setting/api/info | 325.625µs"
time="2024-11-28T18:58:10+05:00" level=info msg="[200] GET /dashboard/data | 2.643167ms"
time="2024-11-28T18:58:10+05:00" level=info msg="[200] GET /setting/api/info | 672.125µs"
time="2024-11-28T18:58:10+05:00" level=info msg="[200] POST /room/api/room | 2.370959ms"
time="2024-11-28T18:58:11+05:00" level=info msg="[200] GET /dashboard | 6.634292ms"
time="2024-11-28T18:58:11+05:00" level=info msg="[200] GET /setting/api/info | 349.958µs"
time="2024-11-28T18:58:11+05:00" level=info msg="[200] POST /cloud/api/sys/count | 5.257625ms"
time="2024-11-28T18:58:11+05:00" level=info msg="[200] POST /room/api/count | 7.781916ms"
time="2024-11-28T18:58:11+05:00" level=info msg="[200] POST /pc/api/count | 11.003083ms"
time="2024-11-28T18:58:12+05:00" level=info msg="[200] POST /setting/api/sys/status | 1.020983042s"
time="2024-11-28T18:58:12+05:00" level=info msg="[200] GET /dashboard/data | 7.161416ms"
time="2024-11-28T18:58:12+05:00" level=info msg="[200] GET /setting/api/info | 384.083µs"
time="2024-11-28T18:58:13+05:00" level=info msg="[200] POST /room/api/room | 2.525958ms"
time="2024-11-28T18:58:15+05:00" level=info msg="[200] GET /dashboard | 5.248125ms"
time="2024-11-28T18:58:15+05:00" level=info msg="[200] GET /setting/api/info | 465.25µs"
time="2024-11-28T18:58:15+05:00" level=info msg="[200] POST /cloud/api/sys/count | 5.239541ms"
time="2024-11-28T18:58:15+05:00" level=info msg="[200] POST /room/api/count | 4.634042ms"
time="2024-11-28T18:58:15+05:00" level=info msg="[200] POST /pc/api/count | 11.657375ms"
time="2024-11-28T18:58:16+05:00" level=info msg="[200] POST /setting/api/sys/status | 1.016819792s"
time="2024-11-28T18:58:18+05:00" level=info msg="[200] GET /dashboard/settings | 5.383167ms"
time="2024-11-28T18:58:18+05:00" level=info msg="[200] GET /setting/api/info | 420.708µs"
time="2024-11-28T18:58:18+05:00" level=info msg="[200] POST /setting/api/sec/settings | 565.833µs"
time="2024-11-28T18:58:18+05:00" level=info msg="[200] POST /setting/api/tg | 548.959µs"
time="2024-11-28T18:58:18+05:00" level=info msg="[200] GET /dashboard/cloud | 4.540542ms"
time="2024-11-28T18:58:19+05:00" level=info msg="[200] GET /setting/api/info | 327.291µs"
time="2024-11-28T18:58:19+05:00" level=info msg="[200] GET /dashboard/data | 5.008959ms"
time="2024-11-28T18:58:19+05:00" level=info msg="[200] GET /setting/api/info | 340.833µs"
time="2024-11-28T18:58:19+05:00" level=info msg="[200] POST /room/api/room | 2.035667ms"
time="2024-11-28T18:58:28+05:00" level=info msg="[200] GET /dashboard | 6.404167ms"
time="2024-11-28T18:58:28+05:00" level=info msg="[200] GET /setting/api/info | 399µs"
time="2024-11-28T18:58:28+05:00" level=info msg="[200] POST /cloud/api/sys/count | 10.580417ms"
time="2024-11-28T18:58:28+05:00" level=info msg="[200] POST /pc/api/count | 13.251791ms"
time="2024-11-28T18:58:28+05:00" level=info msg="[200] POST /room/api/count | 16.443666ms"
time="2024-11-28T18:58:29+05:00" level=info msg="[200] POST /setting/api/sys/status | 1.00714375s"
time="2024-11-28T18:58:36+05:00" level=info msg="[200] POST /room/api/room | 4.011584ms"
time="2024-11-28T18:58:39+05:00" level=info msg="[200] GET /dashboard/data | 5.531667ms"
time="2024-11-28T18:58:39+05:00" level=info msg="[200] GET /setting/api/info | 364.542µs"
time="2024-11-28T18:58:39+05:00" level=info msg="[200] POST /room/api/room | 2.605708ms"
time="2024-11-28T18:58:44+05:00" level=info msg="[200] POST /room/api/new | 6.536666ms"
time="2024-11-28T18:58:46+05:00" level=info msg="[200] GET /dashboard/data | 8.0495ms"
time="2024-11-28T18:58:46+05:00" level=info msg="[200] GET /setting/api/info | 3.614708ms"
time="2024-11-28T18:58:46+05:00" level=info msg="[200] POST /room/api/room | 2.081959ms"
time="2024-11-28T18:58:50+05:00" level=info msg="[200] GET /dashboard | 5.414ms"
time="2024-11-28T18:58:50+05:00" level=info msg="[200] GET /setting/api/info | 446.5µs"
time="2024-11-28T18:58:50+05:00" level=info msg="[200] POST /room/api/count | 5.787416ms"
time="2024-11-28T18:58:50+05:00" level=info msg="[200] POST /pc/api/count | 6.140292ms"
time="2024-11-28T18:58:50+05:00" level=info msg="[200] POST /cloud/api/sys/count | 12.498375ms"
time="2024-11-28T18:58:51+05:00" level=info msg="[200] POST /setting/api/sys/status | 1.017712792s"
time="2024-11-28T18:58:52+05:00" level=info msg="[200] POST /room/api/room | 3.555375ms"
time="2024-11-28T18:59:16+05:00" level=info msg="[200] GET /dashboard/cloud | 9.658166ms"
time="2024-11-28T18:59:17+05:00" level=info msg="[200] GET /setting/api/info | 437.542µs"
time="2024-11-28T18:59:18+05:00" level=info msg="[200] GET /dashboard/cloud/tasks | 3.453541ms"
time="2024-11-28T18:59:18+05:00" level=info msg="[200] GET /setting/api/info | 202.042µs"
time="2024-11-28T18:59:18+05:00" level=info msg="[200] POST /cloud/api/tasks/all | 12.641ms"
time="2024-11-28T18:59:18+05:00" level=info msg="[200] POST /cloud/api/classes | 13.080041ms"
time="2024-11-28T18:59:30+05:00" level=info msg="[200] GET /dashboard/data | 4.829041ms"
time="2024-11-28T18:59:30+05:00" level=info msg="[200] GET /setting/api/info | 397.625µs"
time="2024-11-28T18:59:30+05:00" level=info msg="[200] POST /room/api/room | 2.875625ms"
time="2024-11-28T18:59:33+05:00" level=info msg="[200] GET /dashboard/data/room/200843836458 | 23.863ms"
time="2024-11-28T18:59:33+05:00" level=info msg="[304] GET /static/js/room.js | 268.458µs"
time="2024-11-28T18:59:33+05:00" level=info msg="[200] GET /setting/api/info | 350.458µs"
time="2024-11-28T18:59:37+05:00" level=info msg="[200] GET /dashboard | 6.353917ms"
time="2024-11-28T18:59:37+05:00" level=info msg="[200] GET /setting/api/info | 410.166µs"
time="2024-11-28T18:59:37+05:00" level=info msg="[200] POST /cloud/api/sys/count | 8.927ms"
time="2024-11-28T18:59:37+05:00" level=info msg="[200] POST /pc/api/count | 9.681833ms"
time="2024-11-28T18:59:37+05:00" level=info msg="[200] POST /room/api/count | 14.597209ms"
time="2024-11-28T18:59:38+05:00" level=info msg="[200] GET /dashboard/data | 4.123625ms"
time="2024-11-28T18:59:38+05:00" level=info msg="[200] GET /setting/api/info | 353.5µs"
time="2024-11-28T18:59:38+05:00" level=info msg="[200] POST /room/api/room | 1.76125ms"
time="2024-11-28T18:59:38+05:00" level=info msg="[200] POST /setting/api/sys/status | 1.016994833s"
time="2024-11-28T19:00:00+05:00" level=info msg="[200] POST /room/api/new | 4.984083ms"
time="2024-11-28T19:00:07+05:00" level=info msg="[200] POST /room/api/new | 6.905333ms"
time="2024-11-28T19:00:13+05:00" level=info msg="[200] POST /room/api/new | 8.103709ms"
time="2024-11-28T19:00:14+05:00" level=info msg="[200] GET /dashboard/data | 6.3655ms"
time="2024-11-28T19:00:14+05:00" level=info msg="[200] GET /setting/api/info | 666.333µs"
time="2024-11-28T19:00:15+05:00" level=info msg="[200] POST /room/api/room | 8.126416ms"
time="2024-11-28T19:00:34+05:00" level=info msg="[200] GET /dashboard/cloud | 5.607ms"
time="2024-11-28T19:00:34+05:00" level=info msg="[200] GET /setting/api/info | 353.583µs"
time="2024-11-28T19:00:39+05:00" level=info msg="[200] GET /dashboard/settings | 6.001791ms"
time="2024-11-28T19:00:39+05:00" level=info msg="[200] GET /setting/api/info | 525.75µs"
time="2024-11-28T19:00:39+05:00" level=info msg="[200] POST /setting/api/tg | 579.75µs"
time="2024-11-28T19:00:39+05:00" level=info msg="[200] POST /setting/api/sec/settings | 281.125µs"
time="2024-11-28T19:00:42+05:00" level=info msg="[200] GET /dashboard | 6.046084ms"
time="2024-11-28T19:00:42+05:00" level=info msg="[200] GET /setting/api/info | 399.958µs"
time="2024-11-28T19:00:42+05:00" level=info msg="[200] POST /room/api/count | 9.409333ms"
time="2024-11-28T19:00:42+05:00" level=info msg="[200] POST /cloud/api/sys/count | 9.784042ms"
time="2024-11-28T19:00:42+05:00" level=info msg="[200] POST /pc/api/count | 18.520166ms"
time="2024-11-28T19:00:43+05:00" level=info msg="[200] POST /setting/api/sys/status | 1.022263833s"
time="2024-11-28T19:01:02+05:00" level=info msg="[200] POST /room/api/room | 3.413875ms"
time="2024-11-28T19:01:20+05:00" level=info msg="[200] GET /dashboard/data | 10.614709ms"
time="2024-11-28T19:01:20+05:00" level=info msg="[200] GET /setting/api/info | 748.583µs"
time="2024-11-28T19:01:20+05:00" level=info msg="[200] POST /room/api/room | 8.74ms"
time="2024-11-28T19:01:22+05:00" level=info msg="[200] GET /dashboard/data/room/200843836458 | 21.762583ms"
time="2024-11-28T19:01:22+05:00" level=info msg="[200] GET /setting/api/info | 363.083µs"
time="2024-11-28T19:01:25+05:00" level=info msg="[200] GET /dashboard | 4.536167ms"
time="2024-11-28T19:01:25+05:00" level=info msg="[200] GET /setting/api/info | 377.917µs"
time="2024-11-28T19:01:25+05:00" level=info msg="[200] POST /room/api/count | 11.377ms"
time="2024-11-28T19:01:25+05:00" level=info msg="[200] POST /cloud/api/sys/count | 11.769792ms"
time="2024-11-28T19:01:25+05:00" level=info msg="[200] POST /pc/api/count | 18.159958ms"
time="2024-11-28T19:01:26+05:00" level=info msg="[200] POST /setting/api/sys/status | 1.016656458s"
time="2024-11-28T19:01:28+05:00" level=info msg="[200] POST /room/api/room | 8.076916ms"
time="2024-11-28T19:02:41+05:00" level=info msg="[200] GET /dashboard/data | 11.031625ms"
time="2024-11-28T19:02:41+05:00" level=info msg="[200] GET /setting/api/info | 720.375µs"
time="2024-11-28T19:02:41+05:00" level=info msg="[200] POST /room/api/room | 2.427041ms"
time="2024-11-28T19:02:55+05:00" level=info msg="[200] GET /dashboard/data | 5.764625ms"
time="2024-11-28T19:02:55+05:00" level=info msg="[200] GET /setting/api/info | 369.875µs"
time="2024-11-28T19:02:55+05:00" level=info msg="[200] POST /room/api/room | 2.327667ms"
time="2024-11-28T19:03:00+05:00" level=info msg="[200] GET /dashboard/data | 7.00575ms"
time="2024-11-28T19:03:00+05:00" level=info msg="[200] GET /setting/api/info | 620.333µs"
time="2024-11-28T19:03:01+05:00" level=info msg="[200] POST /room/api/room | 2.119459ms"
time="2024-11-28T19:03:04+05:00" level=info msg="[200] GET /dashboard/data | 4.708291ms"
time="2024-11-28T19:03:04+05:00" level=info msg="[200] GET /setting/api/info | 420.583µs"
time="2024-11-28T19:03:04+05:00" level=info msg="[200] POST /room/api/room | 2.497375ms"
time="2024-11-28T19:03:06+05:00" level=info msg="[200] GET /dashboard/data/room/353321266636 | 13.6915ms"
time="2024-11-28T19:03:06+05:00" level=info msg="[200] GET /setting/api/info | 182.708µs"
time="2024-11-28T19:03:21+05:00" level=info msg="[200] GET /dashboard/data/room/353321266636 | 16.559375ms"
time="2024-11-28T19:03:21+05:00" level=info msg="[200] GET /setting/api/info | 322.417µs"
time="2024-11-28T19:03:50+05:00" level=info msg="[200] GET /dashboard | 4.902583ms"
time="2024-11-28T19:03:50+05:00" level=info msg="[200] GET /setting/api/info | 168.375µs"
time="2024-11-28T19:03:50+05:00" level=info msg="[200] POST /cloud/api/sys/count | 7.135416ms"
time="2024-11-28T19:03:50+05:00" level=info msg="[200] POST /room/api/count | 7.006958ms"
time="2024-11-28T19:03:50+05:00" level=info msg="[200] POST /pc/api/count | 11.087666ms"
time="2024-11-28T19:03:51+05:00" level=info msg="[200] POST /setting/api/sys/status | 1.008834459s"
time="2024-11-28T19:03:54+05:00" level=info msg="[200] GET /dashboard/data | 7.67825ms"
time="2024-11-28T19:03:54+05:00" level=info msg="[200] GET /setting/api/info | 329.541µs"
time="2024-11-28T19:03:54+05:00" level=info msg="[200] POST /room/api/room | 3.034125ms"
time="2024-11-28T19:03:55+05:00" level=info msg="[200] GET /dashboard/cloud | 4.469417ms"
time="2024-11-28T19:03:55+05:00" level=info msg="[200] GET /setting/api/info | 534.625µs"
time="2024-11-28T19:03:57+05:00" level=info msg="[200] GET /dashboard/settings | 6.249542ms"
time="2024-11-28T19:03:57+05:00" level=info msg="[200] GET /setting/api/info | 422.75µs"
time="2024-11-28T19:03:57+05:00" level=info msg="[200] POST /setting/api/tg | 1.132917ms"
time="2024-11-28T19:03:57+05:00" level=info msg="[200] POST /setting/api/sec/settings | 1.166125ms"
time="2024-11-28T19:03:59+05:00" level=info msg="[200] GET /dashboard/cloud | 4.63175ms"
time="2024-11-28T19:03:59+05:00" level=info msg="[200] GET /setting/api/info | 370.167µs"
time="2024-11-28T19:04:00+05:00" level=info msg="[200] GET /dashboard/cloud | 4.842458ms"
time="2024-11-28T19:04:00+05:00" level=info msg="[200] GET /setting/api/info | 709.625µs"
time="2024-11-28T19:04:00+05:00" level=info msg="[200] GET /dashboard/data | 6.063083ms"
time="2024-11-28T19:04:00+05:00" level=info msg="[200] GET /setting/api/info | 298.708µs"
time="2024-11-28T19:04:00+05:00" level=info msg="[200] POST /room/api/room | 1.497ms"
time="2024-11-28T19:04:09+05:00" level=info msg="[200] GET /dashboard/settings | 4.780791ms"
time="2024-11-28T19:04:09+05:00" level=info msg="[200] GET /setting/api/info | 408.5µs"
time="2024-11-28T19:04:09+05:00" level=info msg="[200] POST /setting/api/sec/settings | 564.917µs"
time="2024-11-28T19:04:09+05:00" level=info msg="[200] POST /setting/api/tg | 1.054375ms"
time="2024-11-28T19:04:42+05:00" level=info msg="[200] GET /dashboard | 4.926541ms"
time="2024-11-28T19:04:42+05:00" level=info msg="[200] GET /setting/api/info | 408.75µs"
time="2024-11-28T19:04:42+05:00" level=info msg="[200] POST /cloud/api/sys/count | 8.657875ms"
time="2024-11-28T19:04:42+05:00" level=info msg="[200] POST /room/api/count | 8.465042ms"
time="2024-11-28T19:04:42+05:00" level=info msg="[200] POST /pc/api/count | 12.881333ms"
time="2024-11-28T19:04:43+05:00" level=info msg="[200] POST /setting/api/sys/status | 1.010714333s"
time="2024-11-28T19:04:48+05:00" level=info msg="[200] GET /dashboard/load/storage | 4.333959ms"
time="2024-11-28T19:04:48+05:00" level=info msg="[200] GET /setting/api/info | 185.125µs"
time="2024-11-28T19:04:48+05:00" level=info msg="[200] POST /tools/api/load/storage | 82.375µs"
time="2024-11-28T19:04:48+05:00" level=info msg="[200] POST /cloud/api/sys/count | 6.108583ms"
time="2024-11-28T19:04:48+05:00" level=info msg="[200] POST /pc/api/count | 6.127167ms"
time="2024-11-28T19:04:48+05:00" level=info msg="[200] POST /room/api/count | 10.974166ms"
time="2024-11-28T19:04:49+05:00" level=info msg="[200] POST /setting/api/sys/status | 1.021371584s"
time="2024-11-28T19:04:53+05:00" level=info msg="[200] GET /dashboard | 7.482833ms"
time="2024-11-28T19:04:53+05:00" level=info msg="[200] GET /setting/api/info | 355.459µs"
time="2024-11-28T19:04:53+05:00" level=info msg="[200] POST /cloud/api/sys/count | 11.763083ms"
time="2024-11-28T19:04:53+05:00" level=info msg="[200] POST /room/api/count | 11.274208ms"
time="2024-11-28T19:04:53+05:00" level=info msg="[200] POST /pc/api/count | 15.468334ms"
time="2024-11-28T19:04:54+05:00" level=info msg="[200] POST /setting/api/sys/status | 1.019694s"
time="2024-11-28T19:05:32+05:00" level=info msg="[200] GET /dashboard/load/cpu | 6.641041ms"
time="2024-11-28T19:05:32+05:00" level=info msg="[302] GET /dashboard/load/static/js/dashboard.js | 24.792µs"
time="2024-11-28T19:05:32+05:00" level=info msg="[404] GET /404 | 1.38375ms"
time="2024-11-28T19:05:32+05:00" level=info msg="[200] GET /setting/api/info | 429.375µs"
time="2024-11-28T19:05:32+05:00" level=info msg="[200] POST /tools/api/load/cpu | 5.762333ms"
time="2024-11-28T19:05:35+05:00" level=info msg="[200] GET /dashboard/load/cpu | 6.827917ms"
time="2024-11-28T19:05:35+05:00" level=info msg="[302] GET /dashboard/load/static/js/dashboard.js | 19.292µs"
time="2024-11-28T19:05:35+05:00" level=info msg="[200] GET /setting/api/info | 357.458µs"
time="2024-11-28T19:05:35+05:00" level=info msg="[404] GET /404 | 2.705875ms"
time="2024-11-28T19:05:35+05:00" level=info msg="[200] POST /tools/api/load/cpu | 2.87475ms"
time="2024-11-28T19:05:39+05:00" level=info msg="[200] POST /cloud/api/sys/count | 8.498042ms"
time="2024-11-28T19:05:39+05:00" level=info msg="[200] POST /pc/api/count | 8.759417ms"
time="2024-11-28T19:05:39+05:00" level=info msg="[200] POST /room/api/count | 14.151542ms"
time="2024-11-28T19:05:40+05:00" level=info msg="[200] POST /setting/api/sys/status | 1.021934542s"
time="2024-11-28T19:05:44+05:00" level=info msg="[200] GET /dashboard/load/storage | 6.798ms"
time="2024-11-28T19:05:44+05:00" level=info msg="[200] GET /setting/api/info | 710.166µs"
time="2024-11-28T19:05:44+05:00" level=info msg="[200] POST /tools/api/load/storage | 215.083µs"
time="2024-11-28T19:05:44+05:00" level=info msg="[200] POST /room/api/count | 7.075ms"
time="2024-11-28T19:05:44+05:00" level=info msg="[200] POST /pc/api/count | 6.841375ms"
time="2024-11-28T19:05:44+05:00" level=info msg="[200] POST /cloud/api/sys/count | 12.252125ms"
time="2024-11-28T19:05:45+05:00" level=info msg="[200] POST /setting/api/sys/status | 1.018309458s"
time="2024-11-28T19:05:54+05:00" level=info msg="[200] GET /dashboard/load/storage | 2.821334ms"
time="2024-11-28T19:05:54+05:00" level=info msg="[200] GET /setting/api/info | 235.125µs"
time="2024-11-28T19:05:54+05:00" level=info msg="[200] POST /tools/api/load/storage | 204.958µs"
time="2024-11-28T19:05:54+05:00" level=info msg="[200] POST /cloud/api/sys/count | 3.991458ms"
time="2024-11-28T19:05:54+05:00" level=info msg="[200] POST /pc/api/count | 4.138958ms"
time="2024-11-28T19:05:54+05:00" level=info msg="[200] POST /room/api/count | 10.401792ms"
time="2024-11-28T19:05:55+05:00" level=info msg="[200] POST /setting/api/sys/status | 1.007296s"
time="2024-11-28T19:06:16+05:00" level=info msg="[200] GET /dashboard/load/storage | 11.41475ms"
time="2024-11-28T19:06:16+05:00" level=info msg="[200] GET /setting/api/info | 438.25µs"
time="2024-11-28T19:06:16+05:00" level=info msg="[200] POST /tools/api/load/storage | 187.042µs"
time="2024-11-28T19:06:16+05:00" level=info msg="[200] POST /room/api/count | 6.682042ms"
time="2024-11-28T19:06:16+05:00" level=info msg="[200] POST /pc/api/count | 6.743209ms"
time="2024-11-28T19:06:16+05:00" level=info msg="[200] POST /cloud/api/sys/count | 11.857958ms"
time="2024-11-28T19:06:17+05:00" level=info msg="[200] POST /setting/api/sys/status | 1.007329834s"
time="2024-11-28T19:06:55+05:00" level=info msg="[200] GET /dashboard/load/storage | 6.59125ms"
time="2024-11-28T19:06:55+05:00" level=info msg="[200] GET /setting/api/info | 461.792µs"
time="2024-11-28T19:06:55+05:00" level=info msg="[200] POST /tools/api/load/storage | 458.709µs"
time="2024-11-28T19:06:55+05:00" level=info msg="[200] POST /cloud/api/sys/count | 16.936334ms"
time="2024-11-28T19:06:55+05:00" level=info msg="[200] POST /room/api/count | 14.895834ms"
time="2024-11-28T19:06:55+05:00" level=info msg="[200] POST /pc/api/count | 25.15025ms"
time="2024-11-28T19:06:56+05:00" level=info msg="[200] POST /setting/api/sys/status | 1.010914417s"
time="2024-11-28T19:07:12+05:00" level=info msg="[200] GET /dashboard/load/storage | 5.399458ms"
time="2024-11-28T19:07:13+05:00" level=info msg="[200] GET /setting/api/info | 396.542µs"
time="2024-11-28T19:07:13+05:00" level=info msg="[200] POST /tools/api/load/storage | 222.333µs"
time="2024-11-28T19:07:13+05:00" level=info msg="[200] POST /cloud/api/sys/count | 6.019625ms"
time="2024-11-28T19:07:13+05:00" level=info msg="[200] POST /pc/api/count | 6.551708ms"
time="2024-11-28T19:07:13+05:00" level=info msg="[200] POST /room/api/count | 35.432667ms"
time="2024-11-28T19:07:14+05:00" level=info msg="[200] POST /setting/api/sys/status | 1.007108958s"
time="2024-11-28T19:08:37+05:00" level=info msg="[200] GET /dashboard/load/storage | 10.138333ms"
time="2024-11-28T19:08:37+05:00" level=info msg="[200] GET /setting/api/info | 833.708µs"
time="2024-11-28T19:08:37+05:00" level=info msg="[200] POST /tools/api/load/storage | 258.666µs"
time="2024-11-28T19:08:39+05:00" level=info msg="[200] GET /dashboard/load/storage | 5.866208ms"
time="2024-11-28T19:08:39+05:00" level=info msg="[200] GET /setting/api/info | 355.75µs"
time="2024-11-28T19:08:39+05:00" level=info msg="[200] POST /tools/api/load/storage | 163.833µs"
time="2024-11-28T19:08:44+05:00" level=info msg="[200] GET /dashboard | 4.796833ms"
time="2024-11-28T19:08:44+05:00" level=info msg="[200] GET /setting/api/info | 639.542µs"
time="2024-11-28T19:08:44+05:00" level=info msg="[200] POST /room/api/count | 16.0875ms"
time="2024-11-28T19:08:44+05:00" level=info msg="[200] POST /cloud/api/sys/count | 16.872667ms"
time="2024-11-28T19:08:44+05:00" level=info msg="[200] POST /pc/api/count | 7.019542ms"
time="2024-11-28T19:08:45+05:00" level=info msg="[200] POST /setting/api/sys/status | 1.013952083s"
time="2024-11-28T19:09:00+05:00" level=info msg="[200] GET /dashboard | 6.652625ms"
time="2024-11-28T19:09:01+05:00" level=info msg="[200] GET /setting/api/info | 1.118542ms"
time="2024-11-28T19:09:01+05:00" level=info msg="[200] POST /cloud/api/sys/count | 1.807875ms"
time="2024-11-28T19:09:01+05:00" level=info msg="[200] POST /room/api/count | 3.196917ms"
time="2024-11-28T19:09:01+05:00" level=info msg="[200] POST /pc/api/count | 8.819375ms"
time="2024-11-28T19:09:01+05:00" level=info msg="[200] GET /dashboard | 6.689ms"
time="2024-11-28T19:09:02+05:00" level=info msg="[200] GET /setting/api/info | 215.917µs"
time="2024-11-28T19:09:02+05:00" level=info msg="[200] POST /pc/api/count | 8.526125ms"
time="2024-11-28T19:09:02+05:00" level=info msg="[200] POST /cloud/api/sys/count | 8.956375ms"
time="2024-11-28T19:09:02+05:00" level=info msg="[200] POST /setting/api/sys/status | 1.026049625s"
time="2024-11-28T19:09:02+05:00" level=info msg="[200] POST /room/api/count | 29.772375ms"
time="2024-11-28T19:09:03+05:00" level=info msg="[200] POST /setting/api/sys/status | 1.020591s"
time="2024-11-28T19:09:12+05:00" level=info msg="[200] GET /dashboard | 6.09425ms"
time="2024-11-28T19:09:12+05:00" level=info msg="[200] GET /setting/api/info | 405.875µs"
time="2024-11-28T19:09:12+05:00" level=info msg="[200] POST /cloud/api/sys/count | 6.912375ms"
time="2024-11-28T19:09:12+05:00" level=info msg="[200] POST /pc/api/count | 6.838625ms"
time="2024-11-28T19:09:12+05:00" level=info msg="[200] POST /room/api/count | 16.475ms"
time="2024-11-28T19:09:13+05:00" level=info msg="[200] GET /dashboard | 3.760209ms"
time="2024-11-28T19:09:13+05:00" level=info msg="[200] GET /setting/api/info | 171.792µs"
time="2024-11-28T19:09:13+05:00" level=info msg="[200] POST /pc/api/count | 9.189958ms"
time="2024-11-28T19:09:13+05:00" level=info msg="[200] POST /cloud/api/sys/count | 9.351083ms"
time="2024-11-28T19:09:13+05:00" level=info msg="[200] POST /room/api/count | 15.587334ms"
time="2024-11-28T19:09:13+05:00" level=info msg="[200] POST /setting/api/sys/status | 1.0066775s"
time="2024-11-28T19:09:14+05:00" level=info msg="[200] POST /setting/api/sys/status | 1.023423042s"
time="2024-11-28T19:09:25+05:00" level=info msg="[200] GET /dashboard/data | 7.515792ms"
time="2024-11-28T19:09:25+05:00" level=info msg="[200] GET /setting/api/info | 536µs"
time="2024-11-28T19:09:25+05:00" level=info msg="[200] POST /room/api/room | 2.785667ms"
time="2024-11-28T19:09:27+05:00" level=info msg="[200] GET /dashboard/data/room/200843836458 | 12.780792ms"
time="2024-11-28T19:09:27+05:00" level=info msg="[200] GET /setting/api/info | 611.958µs"
time="2024-11-28T19:09:28+05:00" level=info msg="[500] POST /room/api/room/off/200843836458 | 3.91775ms"
time="2024-11-28T19:09:53+05:00" level=info msg="[200] GET /dashboard/data/room/200843836458 | 17.228666ms"
time="2024-11-28T19:09:53+05:00" level=info msg="[200] GET /setting/api/info | 360.625µs"
time="2024-11-28T19:09:54+05:00" level=info msg="[200] GET /dashboard/data/room/200843836458 | 12.3855ms"
time="2024-11-28T19:09:54+05:00" level=info msg="[200] GET /setting/api/info | 361.292µs"
time="2024-11-28T19:09:55+05:00" level=info msg="[200] GET /dashboard/data/room/200843836458 | 11.38725ms"
time="2024-11-28T19:09:55+05:00" level=info msg="[200] GET /setting/api/info | 523.667µs"
time="2024-11-28T19:10:38+05:00" level=info msg="[200] GET /dashboard/data/room/200843836458 | 15.164083ms"
time="2024-11-28T19:10:38+05:00" level=info msg="[200] GET /setting/api/info | 370.333µs"
time="2024-11-28T19:10:39+05:00" level=info msg="[200] GET /dashboard/data/room/200843836458 | 10.508042ms"
time="2024-11-28T19:10:39+05:00" level=info msg="[200] GET /setting/api/info | 597.292µs"
time="2024-11-28T19:10:40+05:00" level=info msg="[200] GET /dashboard/data/room/200843836458 | 16.588334ms"
time="2024-11-28T19:10:40+05:00" level=info msg="[200] GET /setting/api/info | 347.583µs"
time="2024-11-28T19:10:48+05:00" level=info msg="[200] GET /dashboard | 4.980625ms"
time="2024-11-28T19:10:48+05:00" level=info msg="[200] GET /setting/api/info | 534.834µs"
time="2024-11-28T19:10:48+05:00" level=info msg="[200] POST /cloud/api/sys/count | 9.473667ms"
time="2024-11-28T19:10:48+05:00" level=info msg="[200] POST /room/api/count | 8.9195ms"
time="2024-11-28T19:10:48+05:00" level=info msg="[200] POST /pc/api/count | 14.576166ms"
time="2024-11-28T19:10:49+05:00" level=info msg="[200] POST /setting/api/sys/status | 1.0159615s"
time="2024-11-28T19:10:52+05:00" level=info msg="[200] GET /dashboard/data | 4.443583ms"
time="2024-11-28T19:10:52+05:00" level=info msg="[200] GET /setting/api/info | 2.412208ms"
time="2024-11-28T19:10:52+05:00" level=info msg="[200] POST /room/api/room | 5.264042ms"
time="2024-11-28T19:10:53+05:00" level=info msg="[200] GET /dashboard | 4.668209ms"
time="2024-11-28T19:10:53+05:00" level=info msg="[200] GET /setting/api/info | 551.958µs"
time="2024-11-28T19:10:53+05:00" level=info msg="[200] POST /cloud/api/sys/count | 10.813875ms"
time="2024-11-28T19:10:53+05:00" level=info msg="[200] POST /room/api/count | 12.508ms"
time="2024-11-28T19:10:53+05:00" level=info msg="[200] POST /pc/api/count | 17.161292ms"
time="2024-11-28T19:10:54+05:00" level=info msg="[200] POST /setting/api/sys/status | 1.019677833s"
time="2024-11-28T19:10:55+05:00" level=info msg="[200] GET /dashboard/cloud | 2.78675ms"
time="2024-11-28T19:10:55+05:00" level=info msg="[200] GET /setting/api/info | 226.709µs"
time="2024-11-28T19:10:55+05:00" level=info msg="[200] GET /dashboard | 4.169042ms"
time="2024-11-28T19:10:56+05:00" level=info msg="[200] GET /setting/api/info | 358.542µs"
time="2024-11-28T19:10:56+05:00" level=info msg="[200] POST /cloud/api/sys/count | 5.731917ms"
time="2024-11-28T19:10:56+05:00" level=info msg="[200] POST /pc/api/count | 6.264625ms"
time="2024-11-28T19:10:56+05:00" level=info msg="[200] POST /room/api/count | 11.067125ms"
time="2024-11-28T19:10:57+05:00" level=info msg="[200] POST /setting/api/sys/status | 1.01745275s"
time="2024-11-28T19:12:48+05:00" level=info msg="[200] GET /dashboard | 5.902791ms"
time="2024-11-28T19:12:48+05:00" level=info msg="[200] GET /setting/api/info | 409.208µs"
time="2024-11-28T19:12:48+05:00" level=info msg="[200] GET /static/favicon.ico | 625.125µs"
time="2024-11-28T19:12:48+05:00" level=info msg="[200] POST /room/api/count | 8.000833ms"
time="2024-11-28T19:12:48+05:00" level=info msg="[200] POST /cloud/api/sys/count | 9.194625ms"
time="2024-11-28T19:12:48+05:00" level=info msg="[200] POST /pc/api/count | 13.148875ms"
time="2024-11-28T19:12:48+05:00" level=info msg="[200] GET /dashboard | 6.415334ms"
time="2024-11-28T19:12:48+05:00" level=info msg="[200] GET /setting/api/info | 632.5µs"
time="2024-11-28T19:12:48+05:00" level=info msg="[200] POST /cloud/api/sys/count | 6.269ms"
time="2024-11-28T19:12:48+05:00" level=info msg="[200] POST /room/api/count | 6.205292ms"
time="2024-11-28T19:12:48+05:00" level=info msg="[200] POST /pc/api/count | 14.497125ms"
time="2024-11-28T19:12:49+05:00" level=info msg="[200] POST /setting/api/sys/status | 1.007409209s"
time="2024-11-28T19:12:49+05:00" level=info msg="[200] POST /setting/api/sys/status | 1.016910125s"
time="2024-11-28T19:16:18+05:00" level=info msg="[200] GET /dashboard | 10.6695ms"
time="2024-11-28T19:16:18+05:00" level=info msg="[200] GET /setting/api/info | 968.916µs"
time="2024-11-28T19:16:18+05:00" level=info msg="[200] GET /static/favicon.ico | 219.416µs"
time="2024-11-28T19:16:18+05:00" level=info msg="[200] POST /cloud/api/sys/count | 6.738541ms"
time="2024-11-28T19:16:18+05:00" level=info msg="[200] POST /room/api/count | 6.764791ms"
time="2024-11-28T19:16:18+05:00" level=info msg="[200] POST /pc/api/count | 12.804708ms"
time="2024-11-28T19:16:19+05:00" level=info msg="[200] POST /setting/api/sys/status | 1.006766625s"
time="2024-11-28T19:18:33+05:00" level=info msg="[200] GET /dashboard | 7.575ms"
time="2024-11-28T19:18:33+05:00" level=info msg="[200] GET /setting/api/info | 327.208µs"
time="2024-11-28T19:18:33+05:00" level=info msg="[200] POST /pc/api/count | 4.022209ms"
time="2024-11-28T19:18:33+05:00" level=info msg="[304] GET /static/favicon.ico | 98.292µs"
time="2024-11-28T19:18:33+05:00" level=info msg="[200] POST /cloud/api/sys/count | 4.074875ms"
time="2024-11-28T19:18:33+05:00" level=info msg="[200] POST /room/api/count | 9.047708ms"
time="2024-11-28T19:18:34+05:00" level=info msg="[200] POST /setting/api/sys/status | 1.006629709s"
time="2024-11-28T19:18:34+05:00" level=info msg="[200] GET /dashboard/data | 4.599542ms"
time="2024-11-28T19:18:34+05:00" level=info msg="[200] GET /setting/api/info | 195.792µs"
time="2024-11-28T19:18:34+05:00" level=info msg="[200] POST /room/api/room | 2.03675ms"
time="2024-11-28T19:18:36+05:00" level=info msg="[200] GET /dashboard/cloud | 3.711375ms"
time="2024-11-28T19:18:36+05:00" level=info msg="[200] GET /setting/api/info | 196.292µs"
time="2024-11-28T19:18:37+05:00" level=info msg="[200] GET /dashboard | 5.262167ms"
time="2024-11-28T19:18:37+05:00" level=info msg="[200] GET /setting/api/info | 371.709µs"
time="2024-11-28T19:18:37+05:00" level=info msg="[200] POST /cloud/api/sys/count | 11.409542ms"
time="2024-11-28T19:18:37+05:00" level=info msg="[200] POST /room/api/count | 11.443583ms"
time="2024-11-28T19:18:37+05:00" level=info msg="[200] POST /pc/api/count | 20.653125ms"
time="2024-11-28T19:18:38+05:00" level=info msg="[200] POST /setting/api/sys/status | 1.018574375s"
time="2024-11-28T19:18:39+05:00" level=info msg="[200] GET /dashboard/data | 5.4895ms"
time="2024-11-28T19:18:39+05:00" level=info msg="[200] GET /setting/api/info | 369.166µs"
time="2024-11-28T19:18:39+05:00" level=info msg="[200] POST /room/api/room | 2.726083ms"
time="2024-11-28T19:18:42+05:00" level=info msg="[200] GET /dashboard/cloud | 4.772541ms"
time="2024-11-28T19:18:42+05:00" level=info msg="[200] GET /setting/api/info | 857.5µs"
time="2024-11-28T19:18:43+05:00" level=info msg="[200] GET /dashboard/settings | 6.880167ms"
time="2024-11-28T19:18:43+05:00" level=info msg="[200] GET /setting/api/info | 1.483666ms"
time="2024-11-28T19:18:43+05:00" level=info msg="[200] POST /setting/api/sec/settings | 1.431917ms"
time="2024-11-28T19:18:43+05:00" level=info msg="[200] POST /setting/api/tg | 1.5175ms"
time="2024-11-28T19:18:44+05:00" level=info msg="[200] GET /dashboard | 4.030666ms"
time="2024-11-28T19:18:44+05:00" level=info msg="[200] GET /setting/api/info | 341.792µs"
time="2024-11-28T19:18:44+05:00" level=info msg="[200] POST /cloud/api/sys/count | 5.755959ms"
time="2024-11-28T19:18:44+05:00" level=info msg="[200] POST /room/api/count | 6.297917ms"
time="2024-11-28T19:18:44+05:00" level=info msg="[200] POST /pc/api/count | 12.396542ms"
time="2024-11-28T19:18:45+05:00" level=info msg="[200] POST /setting/api/sys/status | 1.01660175s"
time="2024-11-28T19:18:46+05:00" level=info msg="[200] GET /dashboard/load/cpu | 7.214417ms"
time="2024-11-28T19:18:46+05:00" level=info msg="[302] GET /dashboard/load/static/js/dashboard.js | 39.708µs"
time="2024-11-28T19:18:46+05:00" level=info msg="[404] GET /404 | 4.635791ms"
time="2024-11-28T19:18:46+05:00" level=info msg="[200] GET /setting/api/info | 330.416µs"
time="2024-11-28T19:18:46+05:00" level=info msg="[200] POST /tools/api/load/cpu | 8.869334ms"
time="2024-11-28T19:18:48+05:00" level=info msg="[200] GET /dashboard | 8.262708ms"
time="2024-11-28T19:18:48+05:00" level=info msg="[200] GET /setting/api/info | 3.559917ms"
time="2024-11-28T19:18:48+05:00" level=info msg="[200] POST /room/api/count | 11.971917ms"
time="2024-11-28T19:18:48+05:00" level=info msg="[200] POST /cloud/api/sys/count | 12.175875ms"
time="2024-11-28T19:18:48+05:00" level=info msg="[200] POST /pc/api/count | 17.575917ms"
time="2024-11-28T19:18:49+05:00" level=info msg="[200] POST /setting/api/sys/status | 1.009373833s"
time="2024-11-28T19:18:50+05:00" level=info msg="[200] GET /dashboard/data | 5.677125ms"
time="2024-11-28T19:18:50+05:00" level=info msg="[200] GET /setting/api/info | 447.583µs"
time="2024-11-28T19:18:50+05:00" level=info msg="[200] POST /room/api/room | 11.181708ms"
time="2024-11-28T19:18:51+05:00" level=info msg="[200] GET /dashboard/cloud | 6.797458ms"
time="2024-11-28T19:18:51+05:00" level=info msg="[200] GET /setting/api/info | 317.5µs"
time="2024-11-28T19:18:53+05:00" level=info msg="[200] GET /dashboard | 5.568ms"
time="2024-11-28T19:18:54+05:00" level=info msg="[200] GET /setting/api/info | 348.75µs"
time="2024-11-28T19:18:54+05:00" level=info msg="[200] POST /pc/api/count | 8.912083ms"
time="2024-11-28T19:18:54+05:00" level=info msg="[200] POST /cloud/api/sys/count | 8.826375ms"
time="2024-11-28T19:18:54+05:00" level=info msg="[200] POST /room/api/count | 13.619834ms"
time="2024-11-28T19:18:55+05:00" level=info msg="[200] POST /setting/api/sys/status | 1.019273333s"
time="2024-11-28T19:19:17+05:00" level=info msg="[200] GET /dashboard | 2.653583ms"
time="2024-11-28T19:19:17+05:00" level=info msg="[200] GET /setting/api/info | 192.958µs"
time="2024-11-28T19:19:17+05:00" level=info msg="[200] POST /cloud/api/sys/count | 4.091333ms"
time="2024-11-28T19:19:17+05:00" level=info msg="[200] POST /pc/api/count | 3.980042ms"
time="2024-11-28T19:19:17+05:00" level=info msg="[304] GET /static/favicon.ico | 111.583µs"
time="2024-11-28T19:19:17+05:00" level=info msg="[200] POST /room/api/count | 10.372833ms"
time="2024-11-28T19:19:18+05:00" level=info msg="[200] POST /setting/api/sys/status | 1.007409333s"
time="2024-11-28T19:20:16+05:00" level=info msg="[200] GET /dashboard | 6.630084ms"
time="2024-11-28T19:20:16+05:00" level=info msg="[200] GET /setting/api/info | 531.417µs"
time="2024-11-28T19:20:16+05:00" level=info msg="[304] GET /static/favicon.ico | 80.667µs"
time="2024-11-28T19:20:16+05:00" level=info msg="[200] POST /pc/api/count | 5.508125ms"
time="2024-11-28T19:20:16+05:00" level=info msg="[200] POST /cloud/api/sys/count | 5.625167ms"
time="2024-11-28T19:20:16+05:00" level=info msg="[200] POST /room/api/count | 10.64875ms"
time="2024-11-28T19:20:17+05:00" level=info msg="[200] POST /setting/api/sys/status | 1.007436375s"
time="2024-11-28T19:20:18+05:00" level=info msg="[200] GET /dashboard/data | 9.157792ms"
time="2024-11-28T19:20:18+05:00" level=info msg="[200] GET /setting/api/info | 407.958µs"
time="2024-11-28T19:20:18+05:00" level=info msg="[200] POST /room/api/room | 3.785291ms"
time="2024-11-28T19:20:19+05:00" level=info msg="[200] GET /dashboard/cloud | 4.926458ms"
time="2024-11-28T19:20:19+05:00" level=info msg="[200] GET /setting/api/info | 375.541µs"
time="2024-11-28T19:20:19+05:00" level=info msg="[200] GET /dashboard/settings | 6.963583ms"
time="2024-11-28T19:20:19+05:00" level=info msg="[200] GET /setting/api/info | 381.875µs"
time="2024-11-28T19:20:20+05:00" level=info msg="[200] POST /setting/api/tg | 925.208µs"
time="2024-11-28T19:20:20+05:00" level=info msg="[200] POST /setting/api/sec/settings | 928.417µs"
time="2024-11-28T19:20:21+05:00" level=info msg="[200] GET /dashboard | 4.880083ms"
time="2024-11-28T19:20:21+05:00" level=info msg="[200] GET /setting/api/info | 847.166µs"
time="2024-11-28T19:20:21+05:00" level=info msg="[200] POST /pc/api/count | 9.0425ms"
time="2024-11-28T19:20:21+05:00" level=info msg="[200] POST /cloud/api/sys/count | 9.177958ms"
time="2024-11-28T19:20:21+05:00" level=info msg="[200] POST /room/api/count | 11.859084ms"
time="2024-11-28T19:20:22+05:00" level=info msg="[200] POST /setting/api/sys/status | 1.021209708s"
time="2024-11-28T19:20:42+05:00" level=info msg="[200] GET /dashboard/data | 7.589584ms"
time="2024-11-28T19:20:42+05:00" level=info msg="[200] GET /setting/api/info | 406.209µs"
time="2024-11-28T19:20:42+05:00" level=info msg="[200] POST /room/api/room | 12.401666ms"
time="2024-11-28T19:20:43+05:00" level=info msg="[200] GET /dashboard/cloud | 4.5875ms"
time="2024-11-28T19:20:43+05:00" level=info msg="[200] GET /setting/api/info | 347.291µs"
time="2024-11-28T19:20:44+05:00" level=info msg="[200] GET /dashboard/settings | 6.582042ms"
time="2024-11-28T19:20:44+05:00" level=info msg="[200] GET /setting/api/info | 500.792µs"
time="2024-11-28T19:20:44+05:00" level=info msg="[200] POST /setting/api/tg | 283.875µs"
time="2024-11-28T19:20:44+05:00" level=info msg="[200] POST /setting/api/sec/settings | 277.208µs"
time="2024-11-28T19:22:57+05:00" level=info msg="[200] GET /dashboard | 8.889625ms"
time="2024-11-28T19:22:57+05:00" level=info msg="[200] GET /setting/api/info | 587.375µs"
time="2024-11-28T19:22:57+05:00" level=info msg="[200] POST /room/api/count | 6.631125ms"
time="2024-11-28T19:22:57+05:00" level=info msg="[200] POST /pc/api/count | 6.42625ms"
time="2024-11-28T19:22:57+05:00" level=info msg="[200] POST /cloud/api/sys/count | 14.908375ms"
time="2024-11-28T19:22:58+05:00" level=info msg="[200] POST /setting/api/sys/status | 1.006666666s"
time="2024-11-28T19:23:06+05:00" level=info msg="[200] POST /room/api/room | 5.443125ms"
time="2024-11-28T19:24:01+05:00" level=info msg="[200] GET /dashboard | 11.585ms"
time="2024-11-28T19:24:01+05:00" level=info msg="[200] GET /setting/api/info | 382.375µs"
time="2024-11-28T19:24:01+05:00" level=info msg="[304] GET /static/favicon.ico | 205.584µs"
time="2024-11-28T19:24:01+05:00" level=info msg="[200] POST /cloud/api/sys/count | 6.737458ms"
time="2024-11-28T19:24:01+05:00" level=info msg="[200] POST /room/api/count | 7.114709ms"
time="2024-11-28T19:24:01+05:00" level=info msg="[200] POST /pc/api/count | 13.825667ms"
time="2024-11-28T19:24:02+05:00" level=info msg="[200] POST /room/api/room | 5.442083ms"
time="2024-11-28T19:24:02+05:00" level=info msg="[200] POST /setting/api/sys/status | 1.007282125s"
time="2024-11-28T19:24:51+05:00" level=info msg="[200] GET /dashboard | 7.754041ms"
time="2024-11-28T19:24:51+05:00" level=info msg="[200] GET /setting/api/info | 434.208µs"
time="2024-11-28T19:24:51+05:00" level=info msg="[304] GET /static/favicon.ico | 86.625µs"
time="2024-11-28T19:24:51+05:00" level=info msg="[200] POST /room/api/count | 6.359125ms"
time="2024-11-28T19:24:51+05:00" level=info msg="[200] POST /cloud/api/sys/count | 6.679375ms"
time="2024-11-28T19:24:51+05:00" level=info msg="[200] POST /pc/api/count | 11.89725ms"
time="2024-11-28T19:24:52+05:00" level=info msg="[200] POST /setting/api/sys/status | 1.007989125s"
time="2024-11-28T19:25:03+05:00" level=info msg="[200] GET /dashboard/data | 7.687333ms"
time="2024-11-28T19:25:03+05:00" level=info msg="[200] GET /setting/api/info | 379.959µs"
time="2024-11-28T19:25:03+05:00" level=info msg="[200] POST /room/api/room | 5.064166ms"
time="2024-11-28T19:25:05+05:00" level=info msg="[200] GET /dashboard/data/room/200843836458 | 16.268042ms"
time="2024-11-28T19:25:05+05:00" level=info msg="[200] GET /setting/api/info | 389.959µs"
time="2024-11-28T19:25:10+05:00" level=info msg="[200] POST /room/api/room/block/200843836458 | 28.504083ms"
time="2024-11-28T19:25:12+05:00" level=info msg="[200] GET /dashboard | 8.037583ms"
time="2024-11-28T19:25:12+05:00" level=info msg="[200] GET /setting/api/info | 412.334µs"
time="2024-11-28T19:25:12+05:00" level=info msg="[200] POST /pc/api/count | 6.951792ms"
time="2024-11-28T19:25:12+05:00" level=info msg="[200] POST /cloud/api/sys/count | 6.708583ms"
time="2024-11-28T19:25:12+05:00" level=info msg="[200] POST /room/api/count | 10.53675ms"
time="2024-11-28T19:25:13+05:00" level=info msg="[200] POST /setting/api/sys/status | 1.021290167s"
time="2024-11-28T19:28:14+05:00" level=info msg="[200] POST /cloud/api/sys/count | 10.736584ms"
time="2024-11-28T19:28:14+05:00" level=info msg="[200] POST /room/api/count | 10.1435ms"
time="2024-11-28T19:28:14+05:00" level=info msg="[200] POST /pc/api/count | 13.849375ms"
time="2024-11-28T19:28:15+05:00" level=info msg="[200] POST /setting/api/sys/status | 1.017854458s"
time="2024-11-28T19:44:10+05:00" level=info msg="[200] GET /dashboard | 8.958208ms"
time="2024-11-28T19:44:10+05:00" level=info msg="[200] GET /setting/api/info | 2.862125ms"
time="2024-11-28T19:44:10+05:00" level=info msg="[304] GET /static/favicon.ico | 1.070291ms"
time="2024-11-28T19:44:10+05:00" level=info msg="[200] POST /room/api/count | 10.024583ms"
time="2024-11-28T19:44:10+05:00" level=info msg="[200] POST /cloud/api/sys/count | 10.5925ms"
time="2024-11-28T19:44:10+05:00" level=info msg="[200] POST /pc/api/count | 19.202875ms"
time="2024-11-28T19:44:11+05:00" level=info msg="[200] POST /setting/api/sys/status | 1.0076305s"
time="2024-11-28T19:44:12+05:00" level=info msg="[200] GET /dashboard/settings | 5.667458ms"
time="2024-11-28T19:44:12+05:00" level=info msg="[200] GET /setting/api/info | 346.875µs"
time="2024-11-28T19:44:12+05:00" level=info msg="[200] POST /setting/api/tg | 964.083µs"
time="2024-11-28T19:44:12+05:00" level=info msg="[200] POST /setting/api/sec/settings | 349.5µs"
time="2024-11-28T19:44:17+05:00" level=info msg="[200] GET /dashboard/settings | 4.711334ms"
time="2024-11-28T19:44:17+05:00" level=info msg="[200] GET /setting/api/info | 768.458µs"
time="2024-11-28T19:44:17+05:00" level=info msg="[200] POST /setting/api/sec/settings | 495.875µs"
time="2024-11-28T19:44:17+05:00" level=info msg="[200] POST /setting/api/tg | 184.084µs"
time="2024-11-28T19:45:11+05:00" level=info msg="[200] GET /dashboard/settings | 8.013458ms"
time="2024-11-28T19:45:11+05:00" level=info msg="[200] GET /setting/api/info | 702.666µs"
time="2024-11-28T19:45:11+05:00" level=info msg="[200] POST /setting/api/tg | 977.083µs"
time="2024-11-28T19:45:11+05:00" level=info msg="[200] POST /setting/api/sec/settings | 1.806583ms"
